<?xml version="1.0" encoding="UTF-8"?>
<testsuite name="ListAggregatorTestSpock" tests="1" skipped="0" failures="0" errors="0" timestamp="2021-11-26T15:52:11" hostname="DESKTOP-67BVQ93" time="0.605">
  <properties/>
  <testcase name="distinct_bug_8726" classname="ListAggregatorTestSpock" time="0.605"/>
  <system-out><![CDATA[]]></system-out>
  <system-err><![CDATA[]]></system-err>
</testsuite>
