<?xml version="1.0" encoding="UTF-8"?>
<testsuite name="com.aor.numbers.DivisibleByFilterTest" tests="2" skipped="0" failures="0" errors="0" timestamp="2021-11-22T17:45:57" hostname="DESKTOP-67BVQ93" time="0.034">
  <properties/>
  <testcase name="accepted()" classname="com.aor.numbers.DivisibleByFilterTest" time="0.031"/>
  <testcase name="unaccepted()" classname="com.aor.numbers.DivisibleByFilterTest" time="0.002"/>
  <system-out><![CDATA[]]></system-out>
  <system-err><![CDATA[]]></system-err>
</testsuite>
