<?xml version="1.0" encoding="UTF-8"?>
<testsuite name="com.aor.numbers.DivisibleByFilterTest" tests="2" skipped="0" failures="0" errors="0" timestamp="2021-11-22T17:31:05" hostname="DESKTOP-67BVQ93" time="0.058">
  <properties/>
  <testcase name="accepted()" classname="com.aor.numbers.DivisibleByFilterTest" time="0.052"/>
  <testcase name="unaccepted()" classname="com.aor.numbers.DivisibleByFilterTest" time="0.003"/>
  <system-out><![CDATA[]]></system-out>
  <system-err><![CDATA[]]></system-err>
</testsuite>
